Using pre-set license
Built from '2020.3/staging' branch; Version is '2020.3.9f1 (108be757e447) revision 1084391'; Using compiler version '192528614'; Build Type 'Release'
OS: 'Windows 10 Home; OS build 19044.1415; Version 2009; 64bit' Language: 'ko' Physical Memory: 16107 MB
BatchMode: 1, IsHumanControllingUs: 0, StartBugReporterOnCrash: 0, Is64bit: 1, IsPro: 0

 COMMAND LINE ARGUMENTS:
C:\Program Files\Unity\Hub\Editor\2020.3.9f1\Editor\Unity.exe
-adb2
-batchMode
-noUpm
-name
AssetImportWorker0
-projectPath
C:/Users/kimsk/Documents/Dev-Study/Game-Making/Programming-Basics/Prototype 6
-logFile
Logs/AssetImportWorker0.log
-srvPort
4423
Successfully changed project path to: C:/Users/kimsk/Documents/Dev-Study/Game-Making/Programming-Basics/Prototype 6
C:/Users/kimsk/Documents/Dev-Study/Game-Making/Programming-Basics/Prototype 6
Using Asset Import Pipeline V2.
Refreshing native plugins compatible for Editor in 185.04 ms, found 0 plugins.
Preloading 0 native plugins for Editor in 0.00 ms.
Initialize engine version: 2020.3.9f1 (108be757e447)
[Subsystems] Discovering subsystems at path C:/Program Files/Unity/Hub/Editor/2020.3.9f1/Editor/Data/Resources/UnitySubsystems
[Subsystems] Discovering subsystems at path C:/Users/kimsk/Documents/Dev-Study/Game-Making/Programming-Basics/Prototype 6/Assets
GfxDevice: creating device client; threaded=0
Direct3D:
    Version:  Direct3D 11.0 [level 11.1]
    Renderer: Intel(R) UHD Graphics 620 (ID=0x5917)
    Vendor:   
    VRAM:     8053 MB
    Driver:   27.20.100.8854
Shader 'Universal Render Pipeline/Particles/Lit': fallback shader 'Universal Render Pipeline/Particles/SimpleLit' not found
Initialize mono
Mono path[0] = 'C:/Program Files/Unity/Hub/Editor/2020.3.9f1/Editor/Data/Managed'
Mono path[1] = 'C:/Program Files/Unity/Hub/Editor/2020.3.9f1/Editor/Data/MonoBleedingEdge/lib/mono/unityjit'
Mono config path = 'C:/Program Files/Unity/Hub/Editor/2020.3.9f1/Editor/Data/MonoBleedingEdge/etc'
Using monoOptions --debugger-agent=transport=dt_socket,embedding=1,server=y,suspend=n,address=127.0.0.1:56344
Begin MonoManager ReloadAssembly
Registering precompiled unity dll's ...
Register platform support module: C:/Program Files/Unity/Hub/Editor/2020.3.9f1/Editor/Data/PlaybackEngines/WindowsStandaloneSupport/UnityEditor.WindowsStandalone.Extensions.dll
Registered in 0.008848 seconds.
Native extension for WindowsStandalone target not found
Refreshing native plugins compatible for Editor in 130.53 ms, found 0 plugins.
Preloading 0 native plugins for Editor in 0.00 ms.
Mono: successfully reloaded assembly
- Completed reload, in  3.578 seconds
Platform modules already initialized, skipping
Registering precompiled user dll's ...
Registered in 0.004312 seconds.
Begin MonoManager ReloadAssembly
Native extension for WindowsStandalone target not found
Refreshing native plugins compatible for Editor in 128.14 ms, found 0 plugins.
Preloading 0 native plugins for Editor in 0.00 ms.
Mono: successfully reloaded assembly
- Completed reload, in  2.994 seconds
Platform modules already initialized, skipping
========================================================================
Worker process is ready to serve import requests
Shader 'Universal Render Pipeline/Particles/Lit': fallback shader 'Universal Render Pipeline/Particles/SimpleLit' not found
Launched and connected shader compiler UnityShaderCompiler.exe after 0.14 seconds
Refreshing native plugins compatible for Editor in 0.84 ms, found 0 plugins.
Preloading 0 native plugins for Editor in 0.00 ms.
Unloading 2469 Unused Serialized files (Serialized files now loaded: 0)
System memory in use before: 116.8 MB.
System memory in use after: 117.0 MB.

Unloading 10 unused Assets to reduce memory usage. Loaded Objects now: 2915.
Total: 5.969100 ms (FindLiveObjects: 0.601700 ms CreateObjectMapping: 0.282500 ms MarkObjects: 4.906200 ms  DeleteObjects: 0.176000 ms)

========================================================================
Received Import Request.
  path: Assets/Scripts/MainManager.cs
  artifactKey: Guid(1d4c991b12f9a4527b053d93d29a53e0) Importer(815301076,1909f56bfc062723c751e8b465ee728b)
Start importing Assets/Scripts/MainManager.cs using Guid(1d4c991b12f9a4527b053d93d29a53e0) Importer(815301076,1909f56bfc062723c751e8b465ee728b)  -> (artifact id: '5561cac9599db420e47fb8504e16e100') in 0.308933 seconds
  Import took 0.321929 seconds .

========================================================================
Received Import Request.
  Time since last request: 3.476428 seconds.
  path: Assets/Scripts/MainManager.cs
  artifactKey: Guid(1d4c991b12f9a4527b053d93d29a53e0) Importer(815301076,1909f56bfc062723c751e8b465ee728b)
Start importing Assets/Scripts/MainManager.cs using Guid(1d4c991b12f9a4527b053d93d29a53e0) Importer(815301076,1909f56bfc062723c751e8b465ee728b)  -> (artifact id: '5561cac9599db420e47fb8504e16e100') in 0.007031 seconds
  Import took 0.016024 seconds .

========================================================================
Received Import Request.
  Time since last request: 12.154131 seconds.
  path: Assets/Scenes/Menu.unity
  artifactKey: Guid(ae666798a74d3a5488e0c0ec42a1265d) Importer(815301076,1909f56bfc062723c751e8b465ee728b)
Start importing Assets/Scenes/Menu.unity using Guid(ae666798a74d3a5488e0c0ec42a1265d) Importer(815301076,1909f56bfc062723c751e8b465ee728b)  -> (artifact id: '0e3d49671515b63fe431aa3716d7d84a') in 0.038728 seconds
  Import took 0.049099 seconds .

========================================================================
Received Prepare
Registering precompiled user dll's ...
Registered in 0.012028 seconds.
Begin MonoManager ReloadAssembly
Native extension for WindowsStandalone target not found
Refreshing native plugins compatible for Editor in 0.87 ms, found 0 plugins.
Preloading 0 native plugins for Editor in 0.00 ms.
Mono: successfully reloaded assembly
- Completed reload, in  3.451 seconds
Platform modules already initialized, skipping
Shader 'Universal Render Pipeline/Particles/Lit': fallback shader 'Universal Render Pipeline/Particles/SimpleLit' not found
Refreshing native plugins compatible for Editor in 0.82 ms, found 0 plugins.
Preloading 0 native plugins for Editor in 0.00 ms.
Unloading 2360 Unused Serialized files (Serialized files now loaded: 0)
System memory in use before: 109.9 MB.
System memory in use after: 110.1 MB.

Unloading 5 unused Assets to reduce memory usage. Loaded Objects now: 2918.
Total: 6.524200 ms (FindLiveObjects: 0.663500 ms CreateObjectMapping: 0.356300 ms MarkObjects: 5.457100 ms  DeleteObjects: 0.044400 ms)

========================================================================
Received Prepare
Registering precompiled user dll's ...
Registered in 0.006755 seconds.
Begin MonoManager ReloadAssembly
Native extension for WindowsStandalone target not found
Refreshing native plugins compatible for Editor in 0.83 ms, found 0 plugins.
Preloading 0 native plugins for Editor in 0.00 ms.
Mono: successfully reloaded assembly
- Completed reload, in  2.562 seconds
Platform modules already initialized, skipping
Shader 'Universal Render Pipeline/Particles/Lit': fallback shader 'Universal Render Pipeline/Particles/SimpleLit' not found
Refreshing native plugins compatible for Editor in 0.87 ms, found 0 plugins.
Preloading 0 native plugins for Editor in 0.00 ms.
Unloading 2360 Unused Serialized files (Serialized files now loaded: 0)
System memory in use before: 110.0 MB.
System memory in use after: 110.2 MB.

Unloading 5 unused Assets to reduce memory usage. Loaded Objects now: 2921.
Total: 5.534900 ms (FindLiveObjects: 0.523200 ms CreateObjectMapping: 0.284700 ms MarkObjects: 4.688800 ms  DeleteObjects: 0.035900 ms)

========================================================================
Received Import Request.
  Time since last request: 257.859220 seconds.
  path: Assets/Scripts/MainManager.cs
  artifactKey: Guid(1d4c991b12f9a4527b053d93d29a53e0) Importer(815301076,1909f56bfc062723c751e8b465ee728b)
Start importing Assets/Scripts/MainManager.cs using Guid(1d4c991b12f9a4527b053d93d29a53e0) Importer(815301076,1909f56bfc062723c751e8b465ee728b)  -> (artifact id: 'f112abe0ba94052cead343b00eb881c7') in 0.023591 seconds
  Import took 0.034036 seconds .

========================================================================
Received Prepare
Registering precompiled user dll's ...
Registered in 0.003915 seconds.
Begin MonoManager ReloadAssembly
Native extension for WindowsStandalone target not found
Refreshing native plugins compatible for Editor in 0.84 ms, found 0 plugins.
Preloading 0 native plugins for Editor in 0.00 ms.
Mono: successfully reloaded assembly
- Completed reload, in  2.565 seconds
Platform modules already initialized, skipping
Shader 'Universal Render Pipeline/Particles/Lit': fallback shader 'Universal Render Pipeline/Particles/SimpleLit' not found
Refreshing native plugins compatible for Editor in 0.85 ms, found 0 plugins.
Preloading 0 native plugins for Editor in 0.00 ms.
Unloading 2360 Unused Serialized files (Serialized files now loaded: 0)
System memory in use before: 110.0 MB.
System memory in use after: 110.2 MB.

Unloading 5 unused Assets to reduce memory usage. Loaded Objects now: 2924.
Total: 6.028500 ms (FindLiveObjects: 0.488500 ms CreateObjectMapping: 0.282700 ms MarkObjects: 5.214600 ms  DeleteObjects: 0.040700 ms)

========================================================================
Received Import Request.
  Time since last request: 1247.121409 seconds.
  path: Assets/Scripts/MainManager.cs
  artifactKey: Guid(1d4c991b12f9a4527b053d93d29a53e0) Importer(815301076,1909f56bfc062723c751e8b465ee728b)
Start importing Assets/Scripts/MainManager.cs using Guid(1d4c991b12f9a4527b053d93d29a53e0) Importer(815301076,1909f56bfc062723c751e8b465ee728b)  -> (artifact id: '5cc78709fc436729da700d96cac00fcb') in 0.017104 seconds
  Import took 0.026523 seconds .

========================================================================
Received Prepare
Registering precompiled user dll's ...
Registered in 0.004012 seconds.
Begin MonoManager ReloadAssembly
Native extension for WindowsStandalone target not found
Refreshing native plugins compatible for Editor in 0.87 ms, found 0 plugins.
Preloading 0 native plugins for Editor in 0.00 ms.
Mono: successfully reloaded assembly
- Completed reload, in  2.921 seconds
Platform modules already initialized, skipping
Shader 'Universal Render Pipeline/Particles/Lit': fallback shader 'Universal Render Pipeline/Particles/SimpleLit' not found
Refreshing native plugins compatible for Editor in 1.48 ms, found 0 plugins.
Preloading 0 native plugins for Editor in 0.00 ms.
Unloading 2360 Unused Serialized files (Serialized files now loaded: 0)
System memory in use before: 110.1 MB.
System memory in use after: 110.3 MB.

Unloading 5 unused Assets to reduce memory usage. Loaded Objects now: 2927.
Total: 15.854400 ms (FindLiveObjects: 1.140900 ms CreateObjectMapping: 0.846500 ms MarkObjects: 13.807700 ms  DeleteObjects: 0.055600 ms)

========================================================================
Received Prepare
Registering precompiled user dll's ...
Registered in 0.004515 seconds.
Begin MonoManager ReloadAssembly
Native extension for WindowsStandalone target not found
Refreshing native plugins compatible for Editor in 0.83 ms, found 0 plugins.
Preloading 0 native plugins for Editor in 0.00 ms.
Mono: successfully reloaded assembly
- Completed reload, in  2.483 seconds
Platform modules already initialized, skipping
Shader 'Universal Render Pipeline/Particles/Lit': fallback shader 'Universal Render Pipeline/Particles/SimpleLit' not found
Refreshing native plugins compatible for Editor in 0.83 ms, found 0 plugins.
Preloading 0 native plugins for Editor in 0.00 ms.
Unloading 2360 Unused Serialized files (Serialized files now loaded: 0)
System memory in use before: 110.0 MB.
System memory in use after: 110.2 MB.

Unloading 5 unused Assets to reduce memory usage. Loaded Objects now: 2930.
Total: 5.074100 ms (FindLiveObjects: 0.584100 ms CreateObjectMapping: 0.274900 ms MarkObjects: 4.160900 ms  DeleteObjects: 0.050500 ms)

========================================================================
Received Prepare
Registering precompiled user dll's ...
Registered in 0.004160 seconds.
Begin MonoManager ReloadAssembly
Native extension for WindowsStandalone target not found
Refreshing native plugins compatible for Editor in 0.89 ms, found 0 plugins.
Preloading 0 native plugins for Editor in 0.00 ms.
Mono: successfully reloaded assembly
- Completed reload, in  2.555 seconds
Platform modules already initialized, skipping
Shader 'Universal Render Pipeline/Particles/Lit': fallback shader 'Universal Render Pipeline/Particles/SimpleLit' not found
Refreshing native plugins compatible for Editor in 0.82 ms, found 0 plugins.
Preloading 0 native plugins for Editor in 0.00 ms.
Unloading 2360 Unused Serialized files (Serialized files now loaded: 0)
System memory in use before: 110.1 MB.
System memory in use after: 110.3 MB.

Unloading 5 unused Assets to reduce memory usage. Loaded Objects now: 2933.
Total: 5.102200 ms (FindLiveObjects: 0.491100 ms CreateObjectMapping: 0.270600 ms MarkObjects: 4.300700 ms  DeleteObjects: 0.037600 ms)

AssetImportWorkerClient::OnTransportError - code=2 error=End of file
