Using pre-set license
Built from '2020.3/staging' branch; Version is '2020.3.9f1 (108be757e447) revision 1084391'; Using compiler version '192528614'; Build Type 'Release'
OS: 'Windows 10 Pro; OS build 19043.1052; Version 2009; 64bit' Language: 'ko' Physical Memory: 12270 MB
BatchMode: 1, IsHumanControllingUs: 0, StartBugReporterOnCrash: 0, Is64bit: 1, IsPro: 0

 COMMAND LINE ARGUMENTS:
C:\Program Files\2020.3.9f1\Editor\Unity.exe
-adb2
-batchMode
-noUpm
-name
AssetImportWorker0
-projectPath
D:/Game-Making/Programming Basics/Prototype 5
-logFile
Logs/AssetImportWorker0.log
-srvPort
14195
Successfully changed project path to: D:/Game-Making/Programming Basics/Prototype 5
D:/Game-Making/Programming Basics/Prototype 5
Using Asset Import Pipeline V2.
Refreshing native plugins compatible for Editor in 37.11 ms, found 0 plugins.
Preloading 0 native plugins for Editor in 0.00 ms.
Initialize engine version: 2020.3.9f1 (108be757e447)
[Subsystems] Discovering subsystems at path C:/Program Files/2020.3.9f1/Editor/Data/Resources/UnitySubsystems
[Subsystems] Discovering subsystems at path D:/Game-Making/Programming Basics/Prototype 5/Assets
GfxDevice: creating device client; threaded=0
Direct3D:
    Version:  Direct3D 11.0 [level 11.0]
    Renderer: NVIDIA GeForce GTX 660 (ID=0x11c0)
    Vendor:   
    VRAM:     1998 MB
    Driver:   27.21.14.5671
Initialize mono
Mono path[0] = 'C:/Program Files/2020.3.9f1/Editor/Data/Managed'
Mono path[1] = 'C:/Program Files/2020.3.9f1/Editor/Data/MonoBleedingEdge/lib/mono/unityjit'
Mono config path = 'C:/Program Files/2020.3.9f1/Editor/Data/MonoBleedingEdge/etc'
Using monoOptions --debugger-agent=transport=dt_socket,embedding=1,server=y,suspend=n,address=127.0.0.1:56484
Begin MonoManager ReloadAssembly
Registering precompiled unity dll's ...
Register platform support module: C:/Program Files/2020.3.9f1/Editor/Data/PlaybackEngines/WindowsStandaloneSupport/UnityEditor.WindowsStandalone.Extensions.dll
Registered in 0.003119 seconds.
Native extension for WindowsStandalone target not found
Refreshing native plugins compatible for Editor in 38.00 ms, found 0 plugins.
Preloading 0 native plugins for Editor in 0.00 ms.
Mono: successfully reloaded assembly
- Completed reload, in  2.893 seconds
Platform modules already initialized, skipping
Registering precompiled user dll's ...
Registered in 0.000898 seconds.
Begin MonoManager ReloadAssembly
Native extension for WindowsStandalone target not found
Refreshing native plugins compatible for Editor in 0.29 ms, found 0 plugins.
Preloading 0 native plugins for Editor in 0.00 ms.
Mono: successfully reloaded assembly
- Completed reload, in  1.233 seconds
Platform modules already initialized, skipping
========================================================================
Worker process is ready to serve import requests
Launched and connected shader compiler UnityShaderCompiler.exe after 0.05 seconds
Refreshing native plugins compatible for Editor in 0.30 ms, found 0 plugins.
Preloading 0 native plugins for Editor in 0.00 ms.
Unloading 1117 Unused Serialized files (Serialized files now loaded: 0)
System memory in use before: 57.4 MB.
System memory in use after: 57.4 MB.

Unloading 10 unused Assets to reduce memory usage. Loaded Objects now: 1559.
Total: 2.008100 ms (FindLiveObjects: 0.130300 ms CreateObjectMapping: 0.052200 ms MarkObjects: 1.710300 ms  DeleteObjects: 0.113600 ms)

========================================================================
Received Import Request.
  path: Assets/Course Library/_Source_Files
  artifactKey: Guid(0a11fcdc511c6724095926c167391bd6) Importer(815301076,1909f56bfc062723c751e8b465ee728b)
Start importing Assets/Course Library/_Source_Files using Guid(0a11fcdc511c6724095926c167391bd6) Importer(815301076,1909f56bfc062723c751e8b465ee728b)  -> (artifact id: '3c338a94ea660eb4736ee8ab80632f58') in 0.012932 seconds
  Import took 0.514398 seconds .

========================================================================
Received Import Request.
  Time since last request: 14.746192 seconds.
  path: Assets/Course Library
  artifactKey: Guid(10a492cb0e85ae145b9cc221cc7928fa) Importer(815301076,1909f56bfc062723c751e8b465ee728b)
Start importing Assets/Course Library using Guid(10a492cb0e85ae145b9cc221cc7928fa) Importer(815301076,1909f56bfc062723c751e8b465ee728b)  -> (artifact id: '0455c90037662167776cba6a99d3f84d') in 0.010103 seconds
  Import took 0.013089 seconds .

========================================================================
Received Import Request.
  Time since last request: 0.660927 seconds.
  path: Assets
  artifactKey: Guid(00000000000000001000000000000000) Importer(815301076,1909f56bfc062723c751e8b465ee728b)
Start importing Assets using Guid(00000000000000001000000000000000) Importer(815301076,1909f56bfc062723c751e8b465ee728b)  -> (artifact id: '42d402b061de3733987d63b9cc3b64de') in 0.015665 seconds
  Import took 0.019926 seconds .

========================================================================
Received Import Request.
  Time since last request: 11.013846 seconds.
  path: Assets/Scripts
  artifactKey: Guid(f774479326faa344c8d9fc09f5056019) Importer(815301076,1909f56bfc062723c751e8b465ee728b)
Start importing Assets/Scripts using Guid(f774479326faa344c8d9fc09f5056019) Importer(815301076,1909f56bfc062723c751e8b465ee728b)  -> (artifact id: 'f2b5bd27be6b189f13a23196437885b5') in 0.014626 seconds
  Import took 0.023716 seconds .

========================================================================
Received Import Request.
  Time since last request: 29.560414 seconds.
  path: Assets/Course Library/Props
  artifactKey: Guid(946725e10858d2d4680f5f2f072ed01f) Importer(815301076,1909f56bfc062723c751e8b465ee728b)
Start importing Assets/Course Library/Props using Guid(946725e10858d2d4680f5f2f072ed01f) Importer(815301076,1909f56bfc062723c751e8b465ee728b)  -> (artifact id: 'f20cfbe6119be42086dc40b1e3c4b30b') in 0.025244 seconds
  Import took 0.028220 seconds .

========================================================================
Received Import Request.
  Time since last request: 3.604929 seconds.
  path: Assets/Course Library/Props/Bad
  artifactKey: Guid(c8d9bef8457384b5e914d88883245b94) Importer(815301076,1909f56bfc062723c751e8b465ee728b)
Start importing Assets/Course Library/Props/Bad using Guid(c8d9bef8457384b5e914d88883245b94) Importer(815301076,1909f56bfc062723c751e8b465ee728b)  -> (artifact id: '8deca2ef93724bc7dde1711af519ca1e') in 0.010035 seconds
  Import took 0.013491 seconds .

========================================================================
Received Import Request.
  Time since last request: 1.766680 seconds.
  path: Assets/Course Library/Props/Other
  artifactKey: Guid(dd10b0821d1df4d6b9f1957fa3e18e67) Importer(815301076,1909f56bfc062723c751e8b465ee728b)
Start importing Assets/Course Library/Props/Other using Guid(dd10b0821d1df4d6b9f1957fa3e18e67) Importer(815301076,1909f56bfc062723c751e8b465ee728b)  -> (artifact id: '26d69e85a060c96f7c1ff6e07d8fe866') in 0.011656 seconds
  Import took 0.014578 seconds .

========================================================================
Received Import Request.
  Time since last request: 1.588277 seconds.
  path: Assets/Course Library/Props/Balls
  artifactKey: Guid(a24c52ef268e64400bd606e28ddfcef7) Importer(815301076,1909f56bfc062723c751e8b465ee728b)
Start importing Assets/Course Library/Props/Balls using Guid(a24c52ef268e64400bd606e28ddfcef7) Importer(815301076,1909f56bfc062723c751e8b465ee728b)  -> (artifact id: '8076cfdc7f3ef6d0e00eeaec0ba4599b') in 0.010724 seconds
  Import took 0.013591 seconds .

========================================================================
Received Import Request.
  Time since last request: 1.362892 seconds.
  path: Assets/Course Library/Props/Bad/Skull_01.prefab
  artifactKey: Guid(1aeca1bd9f707c245a80c7f103d235f9) Importer(815301076,1909f56bfc062723c751e8b465ee728b)
Start importing Assets/Course Library/Props/Bad/Skull_01.prefab using Guid(1aeca1bd9f707c245a80c7f103d235f9) Importer(815301076,1909f56bfc062723c751e8b465ee728b)  -> (artifact id: '5ca2240e678a156a9296304514059894') in 0.219099 seconds
  Import took 0.221680 seconds .

========================================================================
Received Prepare
Registering precompiled user dll's ...
Registered in 0.000925 seconds.
Begin MonoManager ReloadAssembly
Native extension for WindowsStandalone target not found
Refreshing native plugins compatible for Editor in 0.31 ms, found 0 plugins.
Preloading 0 native plugins for Editor in 0.00 ms.
Mono: successfully reloaded assembly
- Completed reload, in  1.333 seconds
Platform modules already initialized, skipping
Refreshing native plugins compatible for Editor in 0.45 ms, found 0 plugins.
Preloading 0 native plugins for Editor in 0.00 ms.
Unloading 1112 Unused Serialized files (Serialized files now loaded: 0)
System memory in use before: 60.3 MB.
System memory in use after: 60.4 MB.

Unloading 5 unused Assets to reduce memory usage. Loaded Objects now: 1570.
Total: 1.856300 ms (FindLiveObjects: 0.134200 ms CreateObjectMapping: 0.051400 ms MarkObjects: 1.589200 ms  DeleteObjects: 0.079700 ms)

========================================================================
Received Import Request.
  Time since last request: 37.458809 seconds.
  path: Assets/Scripts/ItemSpawner.cs
  artifactKey: Guid(ca2b4f52d87b6eb4e862dd5b5cca3456) Importer(815301076,1909f56bfc062723c751e8b465ee728b)
Start importing Assets/Scripts/ItemSpawner.cs using Guid(ca2b4f52d87b6eb4e862dd5b5cca3456) Importer(815301076,1909f56bfc062723c751e8b465ee728b)  -> (artifact id: 'b1252ff02be18374127dee511dda69c4') in 0.016282 seconds
  Import took 0.019656 seconds .

========================================================================
Received Prepare
Registering precompiled user dll's ...
Registered in 0.001437 seconds.
Begin MonoManager ReloadAssembly
Native extension for WindowsStandalone target not found
Refreshing native plugins compatible for Editor in 0.30 ms, found 0 plugins.
Preloading 0 native plugins for Editor in 0.00 ms.
Mono: successfully reloaded assembly
- Completed reload, in  1.718 seconds
Platform modules already initialized, skipping
Refreshing native plugins compatible for Editor in 0.30 ms, found 0 plugins.
Preloading 0 native plugins for Editor in 0.00 ms.
Unloading 1112 Unused Serialized files (Serialized files now loaded: 0)
System memory in use before: 60.4 MB.
System memory in use after: 60.4 MB.

Unloading 5 unused Assets to reduce memory usage. Loaded Objects now: 1573.
Total: 3.148300 ms (FindLiveObjects: 0.165700 ms CreateObjectMapping: 0.054800 ms MarkObjects: 2.845200 ms  DeleteObjects: 0.080800 ms)

========================================================================
Received Prepare
Registering precompiled user dll's ...
Registered in 0.000971 seconds.
Begin MonoManager ReloadAssembly
Native extension for WindowsStandalone target not found
Refreshing native plugins compatible for Editor in 0.29 ms, found 0 plugins.
Preloading 0 native plugins for Editor in 0.00 ms.
Mono: successfully reloaded assembly
- Completed reload, in  1.200 seconds
Platform modules already initialized, skipping
Refreshing native plugins compatible for Editor in 0.31 ms, found 0 plugins.
Preloading 0 native plugins for Editor in 0.00 ms.
Unloading 1112 Unused Serialized files (Serialized files now loaded: 0)
System memory in use before: 60.4 MB.
System memory in use after: 60.5 MB.

Unloading 5 unused Assets to reduce memory usage. Loaded Objects now: 1576.
Total: 1.921100 ms (FindLiveObjects: 0.143600 ms CreateObjectMapping: 0.063500 ms MarkObjects: 1.634000 ms  DeleteObjects: 0.078500 ms)

========================================================================
Received Import Request.
  Time since last request: 49.285932 seconds.
  path: Assets/Scripts/ItemSpawner.cs
  artifactKey: Guid(ca2b4f52d87b6eb4e862dd5b5cca3456) Importer(815301076,1909f56bfc062723c751e8b465ee728b)
Start importing Assets/Scripts/ItemSpawner.cs using Guid(ca2b4f52d87b6eb4e862dd5b5cca3456) Importer(815301076,1909f56bfc062723c751e8b465ee728b)  -> (artifact id: '3d1b6c9befc2e54736d2ab254bacaf65') in 0.005341 seconds
  Import took 0.007718 seconds .

========================================================================
Received Prepare
Registering precompiled user dll's ...
Registered in 0.000910 seconds.
Begin MonoManager ReloadAssembly
Native extension for WindowsStandalone target not found
Refreshing native plugins compatible for Editor in 0.29 ms, found 0 plugins.
Preloading 0 native plugins for Editor in 0.00 ms.
Mono: successfully reloaded assembly
- Completed reload, in  1.140 seconds
Platform modules already initialized, skipping
Refreshing native plugins compatible for Editor in 0.30 ms, found 0 plugins.
Preloading 0 native plugins for Editor in 0.00 ms.
Unloading 1112 Unused Serialized files (Serialized files now loaded: 0)
System memory in use before: 60.4 MB.
System memory in use after: 60.5 MB.

Unloading 5 unused Assets to reduce memory usage. Loaded Objects now: 1579.
Total: 2.104200 ms (FindLiveObjects: 0.141400 ms CreateObjectMapping: 0.052400 ms MarkObjects: 1.844800 ms  DeleteObjects: 0.063700 ms)

========================================================================
Received Import Request.
  Time since last request: 38.959134 seconds.
  path: Assets/Course Library/Props/Balls/Ball_8Ball.prefab
  artifactKey: Guid(d4ee8d5ef71ec5a49b51381c8889bc09) Importer(815301076,1909f56bfc062723c751e8b465ee728b)
Start importing Assets/Course Library/Props/Balls/Ball_8Ball.prefab using Guid(d4ee8d5ef71ec5a49b51381c8889bc09) Importer(815301076,1909f56bfc062723c751e8b465ee728b)  -> (artifact id: '7d5cab42c1107e9cfad0c695cd3ad9c7') in 0.337444 seconds
  Import took 0.341269 seconds .

========================================================================
Received Import Request.
  Time since last request: 32.783833 seconds.
  path: Assets/Course Library/Props/Balls/Ball_Beachball.prefab
  artifactKey: Guid(d9532b099f8dfb045844414b0b707bb3) Importer(815301076,1909f56bfc062723c751e8b465ee728b)
Start importing Assets/Course Library/Props/Balls/Ball_Beachball.prefab using Guid(d9532b099f8dfb045844414b0b707bb3) Importer(815301076,1909f56bfc062723c751e8b465ee728b)  -> (artifact id: '691442149fdc28c8cd79475ca0d04178') in 0.029187 seconds
  Import took 0.031997 seconds .

========================================================================
Received Prepare
Registering precompiled user dll's ...
Registered in 0.000919 seconds.
Begin MonoManager ReloadAssembly
Native extension for WindowsStandalone target not found
Refreshing native plugins compatible for Editor in 0.29 ms, found 0 plugins.
Preloading 0 native plugins for Editor in 0.00 ms.
Mono: successfully reloaded assembly
- Completed reload, in  1.184 seconds
Platform modules already initialized, skipping
Refreshing native plugins compatible for Editor in 0.31 ms, found 0 plugins.
Preloading 0 native plugins for Editor in 0.00 ms.
Unloading 1112 Unused Serialized files (Serialized files now loaded: 0)
System memory in use before: 60.4 MB.
System memory in use after: 60.5 MB.

Unloading 5 unused Assets to reduce memory usage. Loaded Objects now: 1583.
Total: 2.175300 ms (FindLiveObjects: 0.135400 ms CreateObjectMapping: 0.051600 ms MarkObjects: 1.904600 ms  DeleteObjects: 0.082100 ms)

========================================================================
Received Import Request.
  Time since last request: 96.855209 seconds.
  path: Assets/Course Library/Props/Food
  artifactKey: Guid(4b7beded0361e6548a3331d4532b74d2) Importer(815301076,1909f56bfc062723c751e8b465ee728b)
Start importing Assets/Course Library/Props/Food using Guid(4b7beded0361e6548a3331d4532b74d2) Importer(815301076,1909f56bfc062723c751e8b465ee728b)  -> (artifact id: '95edba8c718c27fd92ca3c997e051575') in 0.017048 seconds
  Import took 0.020834 seconds .

========================================================================
Received Import Request.
  Time since last request: 170.148648 seconds.
  path: Assets/Prefabs
  artifactKey: Guid(159eb401d7aa879489d089f0bb82573f) Importer(815301076,1909f56bfc062723c751e8b465ee728b)
Start importing Assets/Prefabs using Guid(159eb401d7aa879489d089f0bb82573f) Importer(815301076,1909f56bfc062723c751e8b465ee728b)  -> (artifact id: '6ac0b51dd900680a105e68d897989f35') in 0.014056 seconds
  Import took 0.016806 seconds .

========================================================================
Received Import Request.
  Time since last request: 8.732591 seconds.
  path: Assets/Prefabs/Bad.prefab
  artifactKey: Guid(64ef59030ea7db44cbad9499393bfec9) Importer(815301076,1909f56bfc062723c751e8b465ee728b)
Start importing Assets/Prefabs/Bad.prefab using Guid(64ef59030ea7db44cbad9499393bfec9) Importer(815301076,1909f56bfc062723c751e8b465ee728b)  -> (artifact id: '0f2169f324e7b6011c1e466deb6f9b0a') in 0.095627 seconds
  Import took 0.098879 seconds .

========================================================================
Received Import Request.
  Time since last request: 2.759213 seconds.
  path: Assets/Prefabs/Good (1).prefab
  artifactKey: Guid(aa03bd3fe85cbf74ab9a4c7f1ff45a57) Importer(815301076,1909f56bfc062723c751e8b465ee728b)
Start importing Assets/Prefabs/Good (1).prefab using Guid(aa03bd3fe85cbf74ab9a4c7f1ff45a57) Importer(815301076,1909f56bfc062723c751e8b465ee728b)  -> (artifact id: '53dc914e295028fb45ace0268b68b074') in 0.029648 seconds
  Import took 0.032957 seconds .

========================================================================
Received Import Request.
  Time since last request: 2.437491 seconds.
  path: Assets/Prefabs/Good (2).prefab
  artifactKey: Guid(c2de6ee69ad5ff34993c31aa7e163a78) Importer(815301076,1909f56bfc062723c751e8b465ee728b)
Start importing Assets/Prefabs/Good (2).prefab using Guid(c2de6ee69ad5ff34993c31aa7e163a78) Importer(815301076,1909f56bfc062723c751e8b465ee728b)  -> (artifact id: '1fb369df42abf99db361b4dccfe69a20') in 0.029935 seconds
  Import took 0.032906 seconds .

========================================================================
Received Import Request.
  Time since last request: 2.793367 seconds.
  path: Assets/Prefabs/Good (3).prefab
  artifactKey: Guid(79d572ee8ee6c6542ae2dd921208fd7c) Importer(815301076,1909f56bfc062723c751e8b465ee728b)
Start importing Assets/Prefabs/Good (3).prefab using Guid(79d572ee8ee6c6542ae2dd921208fd7c) Importer(815301076,1909f56bfc062723c751e8b465ee728b)  -> (artifact id: '44a1df7c6d34f88f24c4e5fef0e7d2bb') in 0.028298 seconds
  Import took 0.031056 seconds .

========================================================================
Received Import Request.
  Time since last request: 2.554298 seconds.
  path: Assets/Prefabs/Good (4).prefab
  artifactKey: Guid(0668c621cc1777e4abd763ce297a7c74) Importer(815301076,1909f56bfc062723c751e8b465ee728b)
Start importing Assets/Prefabs/Good (4).prefab using Guid(0668c621cc1777e4abd763ce297a7c74) Importer(815301076,1909f56bfc062723c751e8b465ee728b)  -> (artifact id: 'cc2fe48df04e1258b247fd65de226e3b') in 0.030528 seconds
  Import took 0.033779 seconds .

========================================================================
Received Import Request.
  Time since last request: 1.794049 seconds.
  path: Assets/Prefabs/Good (5).prefab
  artifactKey: Guid(5174f176dee3a1344a3356ab586c4216) Importer(815301076,1909f56bfc062723c751e8b465ee728b)
Start importing Assets/Prefabs/Good (5).prefab using Guid(5174f176dee3a1344a3356ab586c4216) Importer(815301076,1909f56bfc062723c751e8b465ee728b)  -> (artifact id: '1b563023a9a842c75e412842f07c4765') in 0.030856 seconds
  Import took 0.035652 seconds .

========================================================================
Received Import Request.
  Time since last request: 1.674402 seconds.
  path: Assets/Prefabs/Good (6).prefab
  artifactKey: Guid(ea9fb9f3502b530498e4105768319f38) Importer(815301076,1909f56bfc062723c751e8b465ee728b)
Start importing Assets/Prefabs/Good (6).prefab using Guid(ea9fb9f3502b530498e4105768319f38) Importer(815301076,1909f56bfc062723c751e8b465ee728b)  -> (artifact id: '86acc1522666f4a6d482c1a58b76a8bf') in 0.032800 seconds
  Import took 0.035576 seconds .

========================================================================
Received Import Request.
  Time since last request: 10.353367 seconds.
  path: ProjectSettings/TagManager.asset
  artifactKey: Guid(00000000000000003000000000000000) Importer(815301076,1909f56bfc062723c751e8b465ee728b)
Start importing ProjectSettings/TagManager.asset using Guid(00000000000000003000000000000000) Importer(815301076,1909f56bfc062723c751e8b465ee728b)  -> (artifact id: 'ce6a35c3cddc746e7501c0bd0ed6d4ce') in 0.018074 seconds
  Import took 0.021082 seconds .

========================================================================
Received Import Request.
  Time since last request: 7.892046 seconds.
  path: Assets/Prefabs/Bad.prefab
  artifactKey: Guid(64ef59030ea7db44cbad9499393bfec9) Importer(815301076,1909f56bfc062723c751e8b465ee728b)
Start importing Assets/Prefabs/Bad.prefab using Guid(64ef59030ea7db44cbad9499393bfec9) Importer(815301076,1909f56bfc062723c751e8b465ee728b)  -> (artifact id: '62a0eb5a93835237b2e5a3e8d1b7c58b') in 0.020529 seconds
  Import took 0.024025 seconds .

========================================================================
Received Import Request.
  Time since last request: 3.443403 seconds.
  path: Assets/Prefabs/Good (1).prefab
  artifactKey: Guid(aa03bd3fe85cbf74ab9a4c7f1ff45a57) Importer(815301076,1909f56bfc062723c751e8b465ee728b)
Start importing Assets/Prefabs/Good (1).prefab using Guid(aa03bd3fe85cbf74ab9a4c7f1ff45a57) Importer(815301076,1909f56bfc062723c751e8b465ee728b)  -> (artifact id: '2664e99b45a18d20f6309a59266fcbab') in 0.013071 seconds
  Import took 0.016178 seconds .

========================================================================
Received Import Request.
  Time since last request: 2.362882 seconds.
  path: Assets/Prefabs/Good (2).prefab
  artifactKey: Guid(c2de6ee69ad5ff34993c31aa7e163a78) Importer(815301076,1909f56bfc062723c751e8b465ee728b)
Start importing Assets/Prefabs/Good (2).prefab using Guid(c2de6ee69ad5ff34993c31aa7e163a78) Importer(815301076,1909f56bfc062723c751e8b465ee728b)  -> (artifact id: '7d2be9aa6609fcde0578928897c5fdbb') in 0.014746 seconds
  Import took 0.017242 seconds .

========================================================================
Received Import Request.
  Time since last request: 0.388632 seconds.
  path: Assets/Prefabs/Good (3).prefab
  artifactKey: Guid(79d572ee8ee6c6542ae2dd921208fd7c) Importer(815301076,1909f56bfc062723c751e8b465ee728b)
Start importing Assets/Prefabs/Good (3).prefab using Guid(79d572ee8ee6c6542ae2dd921208fd7c) Importer(815301076,1909f56bfc062723c751e8b465ee728b)  -> (artifact id: 'bcc984ad48115536a391e4575c4059df') in 0.014154 seconds
  Import took 0.016738 seconds .

========================================================================
Received Import Request.
  Time since last request: 0.350627 seconds.
  path: Assets/Prefabs/Good (4).prefab
  artifactKey: Guid(0668c621cc1777e4abd763ce297a7c74) Importer(815301076,1909f56bfc062723c751e8b465ee728b)
Start importing Assets/Prefabs/Good (4).prefab using Guid(0668c621cc1777e4abd763ce297a7c74) Importer(815301076,1909f56bfc062723c751e8b465ee728b)  -> (artifact id: 'd40ea29891b377074cb9f370a74414fa') in 0.015045 seconds
  Import took 0.017927 seconds .

========================================================================
Received Import Request.
  Time since last request: 0.913568 seconds.
  path: Assets/Prefabs/Good (5).prefab
  artifactKey: Guid(5174f176dee3a1344a3356ab586c4216) Importer(815301076,1909f56bfc062723c751e8b465ee728b)
Start importing Assets/Prefabs/Good (5).prefab using Guid(5174f176dee3a1344a3356ab586c4216) Importer(815301076,1909f56bfc062723c751e8b465ee728b)  -> (artifact id: 'e53c39eee65caa70aeadbe452032147a') in 0.021283 seconds
  Import took 0.024005 seconds .

========================================================================
Received Import Request.
  Time since last request: 0.380640 seconds.
  path: Assets/Prefabs/Good (6).prefab
  artifactKey: Guid(ea9fb9f3502b530498e4105768319f38) Importer(815301076,1909f56bfc062723c751e8b465ee728b)
Start importing Assets/Prefabs/Good (6).prefab using Guid(ea9fb9f3502b530498e4105768319f38) Importer(815301076,1909f56bfc062723c751e8b465ee728b)  -> (artifact id: '2f082f4816d3496e6aa6b3bcc2efabdd') in 0.015488 seconds
  Import took 0.018040 seconds .

========================================================================
Received Prepare
Registering precompiled user dll's ...
Registered in 0.000921 seconds.
Begin MonoManager ReloadAssembly
Native extension for WindowsStandalone target not found
Refreshing native plugins compatible for Editor in 0.30 ms, found 0 plugins.
Preloading 0 native plugins for Editor in 0.00 ms.
Mono: successfully reloaded assembly
- Completed reload, in  1.196 seconds
Platform modules already initialized, skipping
Refreshing native plugins compatible for Editor in 0.32 ms, found 0 plugins.
Preloading 0 native plugins for Editor in 0.00 ms.
Unloading 1112 Unused Serialized files (Serialized files now loaded: 0)
System memory in use before: 60.5 MB.
System memory in use after: 60.5 MB.

Unloading 6 unused Assets to reduce memory usage. Loaded Objects now: 1587.
Total: 2.182400 ms (FindLiveObjects: 0.151300 ms CreateObjectMapping: 0.054800 ms MarkObjects: 1.873500 ms  DeleteObjects: 0.101000 ms)

========================================================================
Received Prepare
Registering precompiled user dll's ...
Registered in 0.000892 seconds.
Begin MonoManager ReloadAssembly
Native extension for WindowsStandalone target not found
Refreshing native plugins compatible for Editor in 0.32 ms, found 0 plugins.
Preloading 0 native plugins for Editor in 0.00 ms.
Mono: successfully reloaded assembly
- Completed reload, in  1.133 seconds
Platform modules already initialized, skipping
Refreshing native plugins compatible for Editor in 0.29 ms, found 0 plugins.
Preloading 0 native plugins for Editor in 0.00 ms.
Unloading 1112 Unused Serialized files (Serialized files now loaded: 0)
System memory in use before: 60.5 MB.
System memory in use after: 60.5 MB.

Unloading 5 unused Assets to reduce memory usage. Loaded Objects now: 1590.
Total: 2.141700 ms (FindLiveObjects: 0.136700 ms CreateObjectMapping: 0.050500 ms MarkObjects: 1.860200 ms  DeleteObjects: 0.092600 ms)

========================================================================
Received Import Request.
  Time since last request: 1374.392607 seconds.
  path: Assets/Scripts/Targets.cs
  artifactKey: Guid(6ebd3ac9eeedfd845ba76e6b0d17b985) Importer(815301076,1909f56bfc062723c751e8b465ee728b)
Start importing Assets/Scripts/Targets.cs using Guid(6ebd3ac9eeedfd845ba76e6b0d17b985) Importer(815301076,1909f56bfc062723c751e8b465ee728b)  -> (artifact id: 'e85de26e452f85338f0e554efd396ec4') in 0.029780 seconds
  Import took 0.034989 seconds .

========================================================================
Received Prepare
Registering precompiled user dll's ...
Registered in 0.000931 seconds.
Begin MonoManager ReloadAssembly
Native extension for WindowsStandalone target not found
Refreshing native plugins compatible for Editor in 0.32 ms, found 0 plugins.
Preloading 0 native plugins for Editor in 0.00 ms.
Mono: successfully reloaded assembly
- Completed reload, in  1.360 seconds
Platform modules already initialized, skipping
Refreshing native plugins compatible for Editor in 0.55 ms, found 0 plugins.
Preloading 0 native plugins for Editor in 0.00 ms.
Unloading 1113 Unused Serialized files (Serialized files now loaded: 0)
System memory in use before: 60.5 MB.
System memory in use after: 60.6 MB.

Unloading 5 unused Assets to reduce memory usage. Loaded Objects now: 1594.
Total: 1.940000 ms (FindLiveObjects: 0.137200 ms CreateObjectMapping: 0.052400 ms MarkObjects: 1.681600 ms  DeleteObjects: 0.066900 ms)

========================================================================
Received Import Request.
  Time since last request: 8.922439 seconds.
  path: Assets/Prefabs/Bad.prefab
  artifactKey: Guid(64ef59030ea7db44cbad9499393bfec9) Importer(815301076,1909f56bfc062723c751e8b465ee728b)
Start importing Assets/Prefabs/Bad.prefab using Guid(64ef59030ea7db44cbad9499393bfec9) Importer(815301076,1909f56bfc062723c751e8b465ee728b)  -> (artifact id: '0056d46e1542df3db93531b971341fc5') in 0.114604 seconds
  Import took 0.117403 seconds .

========================================================================
Received Prepare
Registering precompiled user dll's ...
Registered in 0.000907 seconds.
Begin MonoManager ReloadAssembly
Native extension for WindowsStandalone target not found
Refreshing native plugins compatible for Editor in 0.29 ms, found 0 plugins.
Preloading 0 native plugins for Editor in 0.00 ms.
Mono: successfully reloaded assembly
- Completed reload, in  1.232 seconds
Platform modules already initialized, skipping
Refreshing native plugins compatible for Editor in 0.29 ms, found 0 plugins.
Preloading 0 native plugins for Editor in 0.00 ms.
Unloading 1113 Unused Serialized files (Serialized files now loaded: 0)
System memory in use before: 60.5 MB.
System memory in use after: 60.6 MB.

Unloading 5 unused Assets to reduce memory usage. Loaded Objects now: 1598.
Total: 2.094200 ms (FindLiveObjects: 0.147900 ms CreateObjectMapping: 0.054300 ms MarkObjects: 1.816400 ms  DeleteObjects: 0.073700 ms)

========================================================================
Received Import Request.
  Time since last request: 508.972533 seconds.
  path: Assets/Scripts/ItemSpawner.cs
  artifactKey: Guid(ca2b4f52d87b6eb4e862dd5b5cca3456) Importer(815301076,1909f56bfc062723c751e8b465ee728b)
Start importing Assets/Scripts/ItemSpawner.cs using Guid(ca2b4f52d87b6eb4e862dd5b5cca3456) Importer(815301076,1909f56bfc062723c751e8b465ee728b)  -> (artifact id: 'acfddb257e7fb8b87ffed452fcec0f1d') in 0.006428 seconds
  Import took 0.008946 seconds .

========================================================================
Received Prepare
Registering precompiled user dll's ...
Registered in 0.000928 seconds.
Begin MonoManager ReloadAssembly
Native extension for WindowsStandalone target not found
Refreshing native plugins compatible for Editor in 0.30 ms, found 0 plugins.
Preloading 0 native plugins for Editor in 0.00 ms.
Mono: successfully reloaded assembly
- Completed reload, in  1.360 seconds
Platform modules already initialized, skipping
Refreshing native plugins compatible for Editor in 0.36 ms, found 0 plugins.
Preloading 0 native plugins for Editor in 0.00 ms.
Unloading 1112 Unused Serialized files (Serialized files now loaded: 0)
System memory in use before: 60.5 MB.
System memory in use after: 60.6 MB.

Unloading 6 unused Assets to reduce memory usage. Loaded Objects now: 1600.
Total: 1.965800 ms (FindLiveObjects: 0.149500 ms CreateObjectMapping: 0.051900 ms MarkObjects: 1.683100 ms  DeleteObjects: 0.079400 ms)

========================================================================
Received Import Request.
  Time since last request: 13.496402 seconds.
  path: Assets/Scripts/GameManager.cs
  artifactKey: Guid(b7dbb796b166f6643ab7b1f7f854e2af) Importer(815301076,1909f56bfc062723c751e8b465ee728b)
Start importing Assets/Scripts/GameManager.cs using Guid(b7dbb796b166f6643ab7b1f7f854e2af) Importer(815301076,1909f56bfc062723c751e8b465ee728b)  -> (artifact id: '55d52069ced2658a7d5697235bf4d72d') in 0.086746 seconds
  Import took 0.090319 seconds .

========================================================================
Received Prepare
Registering precompiled user dll's ...
Registered in 0.000887 seconds.
Begin MonoManager ReloadAssembly
Native extension for WindowsStandalone target not found
Refreshing native plugins compatible for Editor in 0.30 ms, found 0 plugins.
Preloading 0 native plugins for Editor in 0.00 ms.
Mono: successfully reloaded assembly
- Completed reload, in  1.366 seconds
Platform modules already initialized, skipping
Refreshing native plugins compatible for Editor in 0.30 ms, found 0 plugins.
Preloading 0 native plugins for Editor in 0.00 ms.
Unloading 1113 Unused Serialized files (Serialized files now loaded: 0)
System memory in use before: 60.5 MB.
System memory in use after: 60.6 MB.

Unloading 5 unused Assets to reduce memory usage. Loaded Objects now: 1604.
Total: 2.003200 ms (FindLiveObjects: 0.133200 ms CreateObjectMapping: 0.127300 ms MarkObjects: 1.659700 ms  DeleteObjects: 0.081600 ms)

========================================================================
Received Prepare
Registering precompiled user dll's ...
Registered in 0.000914 seconds.
Begin MonoManager ReloadAssembly
Native extension for WindowsStandalone target not found
Refreshing native plugins compatible for Editor in 0.30 ms, found 0 plugins.
Preloading 0 native plugins for Editor in 0.00 ms.
Mono: successfully reloaded assembly
- Completed reload, in  1.299 seconds
Platform modules already initialized, skipping
Refreshing native plugins compatible for Editor in 0.32 ms, found 0 plugins.
Preloading 0 native plugins for Editor in 0.00 ms.
Unloading 1112 Unused Serialized files (Serialized files now loaded: 0)
System memory in use before: 60.5 MB.
System memory in use after: 60.6 MB.

Unloading 6 unused Assets to reduce memory usage. Loaded Objects now: 1606.
Total: 2.086600 ms (FindLiveObjects: 0.150700 ms CreateObjectMapping: 0.052100 ms MarkObjects: 1.799300 ms  DeleteObjects: 0.082700 ms)

========================================================================
Received Prepare
Registering precompiled user dll's ...
Registered in 0.000926 seconds.
Begin MonoManager ReloadAssembly
Native extension for WindowsStandalone target not found
Refreshing native plugins compatible for Editor in 0.31 ms, found 0 plugins.
Preloading 0 native plugins for Editor in 0.00 ms.
Mono: successfully reloaded assembly
- Completed reload, in  1.412 seconds
Platform modules already initialized, skipping
Refreshing native plugins compatible for Editor in 0.38 ms, found 0 plugins.
Preloading 0 native plugins for Editor in 0.00 ms.
Unloading 1113 Unused Serialized files (Serialized files now loaded: 0)
System memory in use before: 60.6 MB.
System memory in use after: 60.6 MB.

Unloading 5 unused Assets to reduce memory usage. Loaded Objects now: 1610.
Total: 2.049100 ms (FindLiveObjects: 0.134800 ms CreateObjectMapping: 0.049900 ms MarkObjects: 1.783000 ms  DeleteObjects: 0.079800 ms)

========================================================================
Received Prepare
Registering precompiled user dll's ...
Registered in 0.000942 seconds.
Begin MonoManager ReloadAssembly
Native extension for WindowsStandalone target not found
Refreshing native plugins compatible for Editor in 0.30 ms, found 0 plugins.
Preloading 0 native plugins for Editor in 0.00 ms.
Mono: successfully reloaded assembly
- Completed reload, in  1.212 seconds
Platform modules already initialized, skipping
Refreshing native plugins compatible for Editor in 0.33 ms, found 0 plugins.
Preloading 0 native plugins for Editor in 0.00 ms.
Unloading 1113 Unused Serialized files (Serialized files now loaded: 0)
System memory in use before: 60.6 MB.
System memory in use after: 60.6 MB.

Unloading 5 unused Assets to reduce memory usage. Loaded Objects now: 1613.
Total: 1.993000 ms (FindLiveObjects: 0.140500 ms CreateObjectMapping: 0.050700 ms MarkObjects: 1.717100 ms  DeleteObjects: 0.083100 ms)

========================================================================
Received Import Request.
  Time since last request: 1524.995871 seconds.
  path: Assets/Prefabs/Good (1).prefab
  artifactKey: Guid(aa03bd3fe85cbf74ab9a4c7f1ff45a57) Importer(815301076,1909f56bfc062723c751e8b465ee728b)
Start importing Assets/Prefabs/Good (1).prefab using Guid(aa03bd3fe85cbf74ab9a4c7f1ff45a57) Importer(815301076,1909f56bfc062723c751e8b465ee728b)  -> (artifact id: 'c60c2e65918252c501f31672f917a5f5') in 0.090719 seconds
  Import took 0.093924 seconds .

========================================================================
Received Import Request.
  Time since last request: 0.011075 seconds.
  path: Assets/Prefabs/Good (1).prefab
  artifactKey: Guid(aa03bd3fe85cbf74ab9a4c7f1ff45a57) Importer(815301076,1909f56bfc062723c751e8b465ee728b)
Start importing Assets/Prefabs/Good (1).prefab using Guid(aa03bd3fe85cbf74ab9a4c7f1ff45a57) Importer(815301076,1909f56bfc062723c751e8b465ee728b)  -> (artifact id: 'c60c2e65918252c501f31672f917a5f5') in 0.012989 seconds
  Import took 0.015758 seconds .

========================================================================
Received Prepare
Registering precompiled user dll's ...
Registered in 0.000950 seconds.
Begin MonoManager ReloadAssembly
Native extension for WindowsStandalone target not found
Refreshing native plugins compatible for Editor in 0.30 ms, found 0 plugins.
Preloading 0 native plugins for Editor in 0.00 ms.
Mono: successfully reloaded assembly
- Completed reload, in  1.154 seconds
Platform modules already initialized, skipping
Refreshing native plugins compatible for Editor in 0.30 ms, found 0 plugins.
Preloading 0 native plugins for Editor in 0.00 ms.
Unloading 1113 Unused Serialized files (Serialized files now loaded: 0)
System memory in use before: 60.6 MB.
System memory in use after: 60.7 MB.

Unloading 5 unused Assets to reduce memory usage. Loaded Objects now: 1617.
Total: 1.948100 ms (FindLiveObjects: 0.149300 ms CreateObjectMapping: 0.051100 ms MarkObjects: 1.670800 ms  DeleteObjects: 0.075000 ms)

========================================================================
Received Prepare
Registering precompiled user dll's ...
Registered in 0.001486 seconds.
Begin MonoManager ReloadAssembly
Native extension for WindowsStandalone target not found
Refreshing native plugins compatible for Editor in 0.32 ms, found 0 plugins.
Preloading 0 native plugins for Editor in 0.00 ms.
Mono: successfully reloaded assembly
- Completed reload, in  1.214 seconds
Platform modules already initialized, skipping
Refreshing native plugins compatible for Editor in 0.30 ms, found 0 plugins.
Preloading 0 native plugins for Editor in 0.00 ms.
Unloading 1113 Unused Serialized files (Serialized files now loaded: 0)
System memory in use before: 60.6 MB.
System memory in use after: 60.7 MB.

Unloading 5 unused Assets to reduce memory usage. Loaded Objects now: 1620.
Total: 2.077200 ms (FindLiveObjects: 0.142100 ms CreateObjectMapping: 0.050500 ms MarkObjects: 1.797700 ms  DeleteObjects: 0.085400 ms)

========================================================================
Received Prepare
Registering precompiled user dll's ...
Registered in 0.000919 seconds.
Begin MonoManager ReloadAssembly
Native extension for WindowsStandalone target not found
Refreshing native plugins compatible for Editor in 0.34 ms, found 0 plugins.
Preloading 0 native plugins for Editor in 0.00 ms.
Mono: successfully reloaded assembly
- Completed reload, in  1.148 seconds
Platform modules already initialized, skipping
Refreshing native plugins compatible for Editor in 0.30 ms, found 0 plugins.
Preloading 0 native plugins for Editor in 0.00 ms.
Unloading 1113 Unused Serialized files (Serialized files now loaded: 0)
System memory in use before: 60.6 MB.
System memory in use after: 60.7 MB.

Unloading 5 unused Assets to reduce memory usage. Loaded Objects now: 1623.
Total: 2.084600 ms (FindLiveObjects: 0.146700 ms CreateObjectMapping: 0.052700 ms MarkObjects: 1.813100 ms  DeleteObjects: 0.070200 ms)

========================================================================
Received Prepare
Registering precompiled user dll's ...
Registered in 0.000910 seconds.
Begin MonoManager ReloadAssembly
Native extension for WindowsStandalone target not found
Refreshing native plugins compatible for Editor in 0.30 ms, found 0 plugins.
Preloading 0 native plugins for Editor in 0.00 ms.
Mono: successfully reloaded assembly
- Completed reload, in  1.144 seconds
Platform modules already initialized, skipping
Refreshing native plugins compatible for Editor in 0.82 ms, found 0 plugins.
Preloading 0 native plugins for Editor in 0.00 ms.
Unloading 1113 Unused Serialized files (Serialized files now loaded: 0)
System memory in use before: 60.6 MB.
System memory in use after: 60.7 MB.

Unloading 5 unused Assets to reduce memory usage. Loaded Objects now: 1626.
Total: 2.549000 ms (FindLiveObjects: 0.144200 ms CreateObjectMapping: 0.082100 ms MarkObjects: 2.235800 ms  DeleteObjects: 0.085300 ms)

========================================================================
Received Import Request.
  Time since last request: 1431.583520 seconds.
  path: Assets/Prefabs/Bad.prefab
  artifactKey: Guid(64ef59030ea7db44cbad9499393bfec9) Importer(815301076,1909f56bfc062723c751e8b465ee728b)
Start importing Assets/Prefabs/Bad.prefab using Guid(64ef59030ea7db44cbad9499393bfec9) Importer(815301076,1909f56bfc062723c751e8b465ee728b)  -> (artifact id: '27501a96af0578754ae14b914fa7c760') in 0.094757 seconds
  Import took 0.097264 seconds .

========================================================================
Received Import Request.
  Time since last request: 60.355164 seconds.
  path: Assets/Prefabs/Good (1).prefab
  artifactKey: Guid(aa03bd3fe85cbf74ab9a4c7f1ff45a57) Importer(815301076,1909f56bfc062723c751e8b465ee728b)
Start importing Assets/Prefabs/Good (1).prefab using Guid(aa03bd3fe85cbf74ab9a4c7f1ff45a57) Importer(815301076,1909f56bfc062723c751e8b465ee728b)  -> (artifact id: '67b623714d9bdefaa54a6701376a4c32') in 0.014945 seconds
  Import took 0.018313 seconds .

========================================================================
Received Import Request.
  Time since last request: 0.033171 seconds.
  path: Assets/Prefabs/Good (1).prefab
  artifactKey: Guid(aa03bd3fe85cbf74ab9a4c7f1ff45a57) Importer(815301076,1909f56bfc062723c751e8b465ee728b)
Start importing Assets/Prefabs/Good (1).prefab using Guid(aa03bd3fe85cbf74ab9a4c7f1ff45a57) Importer(815301076,1909f56bfc062723c751e8b465ee728b)  -> (artifact id: '67b623714d9bdefaa54a6701376a4c32') in 0.012371 seconds
  Import took 0.014935 seconds .

========================================================================
Received Prepare
Registering precompiled user dll's ...
Registered in 0.000911 seconds.
Begin MonoManager ReloadAssembly
Native extension for WindowsStandalone target not found
Refreshing native plugins compatible for Editor in 1.75 ms, found 0 plugins.
Preloading 0 native plugins for Editor in 0.00 ms.
Mono: successfully reloaded assembly
- Completed reload, in  1.369 seconds
Platform modules already initialized, skipping
Refreshing native plugins compatible for Editor in 0.31 ms, found 0 plugins.
Preloading 0 native plugins for Editor in 0.00 ms.
Unloading 1113 Unused Serialized files (Serialized files now loaded: 0)
System memory in use before: 60.6 MB.
System memory in use after: 60.7 MB.

Unloading 5 unused Assets to reduce memory usage. Loaded Objects now: 1630.
Total: 2.210500 ms (FindLiveObjects: 0.150900 ms CreateObjectMapping: 0.051500 ms MarkObjects: 1.923500 ms  DeleteObjects: 0.082800 ms)

========================================================================
Received Import Request.
  Time since last request: 64.219289 seconds.
  path: Assets/Prefabs/Good (2).prefab
  artifactKey: Guid(c2de6ee69ad5ff34993c31aa7e163a78) Importer(815301076,1909f56bfc062723c751e8b465ee728b)
Start importing Assets/Prefabs/Good (2).prefab using Guid(c2de6ee69ad5ff34993c31aa7e163a78) Importer(815301076,1909f56bfc062723c751e8b465ee728b)  -> (artifact id: '7690926896b24183bd21ad56966a9fc8') in 0.083694 seconds
  Import took 0.086311 seconds .

========================================================================
Received Import Request.
  Time since last request: 0.342015 seconds.
  path: Assets/Prefabs/Good (4).prefab
  artifactKey: Guid(0668c621cc1777e4abd763ce297a7c74) Importer(815301076,1909f56bfc062723c751e8b465ee728b)
Start importing Assets/Prefabs/Good (4).prefab using Guid(0668c621cc1777e4abd763ce297a7c74) Importer(815301076,1909f56bfc062723c751e8b465ee728b)  -> (artifact id: 'd5f25d7cdad6543f547f3301e0e71d0b') in 0.018184 seconds
  Import took 0.021033 seconds .

========================================================================
Received Import Request.
  Time since last request: 0.393666 seconds.
  path: Assets/Prefabs/Good (6).prefab
  artifactKey: Guid(ea9fb9f3502b530498e4105768319f38) Importer(815301076,1909f56bfc062723c751e8b465ee728b)
Start importing Assets/Prefabs/Good (6).prefab using Guid(ea9fb9f3502b530498e4105768319f38) Importer(815301076,1909f56bfc062723c751e8b465ee728b)  -> (artifact id: 'c4263e83754ecb23b0adfcda59fe5eee') in 0.020597 seconds
  Import took 0.023277 seconds .

========================================================================
Received Prepare
Registering precompiled user dll's ...
Registered in 0.000913 seconds.
Begin MonoManager ReloadAssembly
Native extension for WindowsStandalone target not found
Refreshing native plugins compatible for Editor in 0.29 ms, found 0 plugins.
Preloading 0 native plugins for Editor in 0.00 ms.
Mono: successfully reloaded assembly
- Completed reload, in  1.158 seconds
Platform modules already initialized, skipping
Refreshing native plugins compatible for Editor in 1.48 ms, found 0 plugins.
Preloading 0 native plugins for Editor in 0.00 ms.
Unloading 1113 Unused Serialized files (Serialized files now loaded: 0)
System memory in use before: 60.6 MB.
System memory in use after: 60.7 MB.

Unloading 5 unused Assets to reduce memory usage. Loaded Objects now: 1634.
Total: 2.097700 ms (FindLiveObjects: 0.154400 ms CreateObjectMapping: 0.053100 ms MarkObjects: 1.799700 ms  DeleteObjects: 0.088300 ms)

========================================================================
Received Prepare
Registering precompiled user dll's ...
Registered in 0.001061 seconds.
Begin MonoManager ReloadAssembly
Native extension for WindowsStandalone target not found
Refreshing native plugins compatible for Editor in 0.29 ms, found 0 plugins.
Preloading 0 native plugins for Editor in 0.00 ms.
Mono: successfully reloaded assembly
- Completed reload, in  1.249 seconds
Platform modules already initialized, skipping
Refreshing native plugins compatible for Editor in 0.31 ms, found 0 plugins.
Preloading 0 native plugins for Editor in 0.00 ms.
Unloading 1113 Unused Serialized files (Serialized files now loaded: 0)
System memory in use before: 60.6 MB.
System memory in use after: 60.7 MB.

Unloading 5 unused Assets to reduce memory usage. Loaded Objects now: 1637.
Total: 2.084800 ms (FindLiveObjects: 0.147300 ms CreateObjectMapping: 0.051800 ms MarkObjects: 1.801800 ms  DeleteObjects: 0.082200 ms)

========================================================================
Received Prepare
Registering precompiled user dll's ...
Registered in 0.000940 seconds.
Begin MonoManager ReloadAssembly
Native extension for WindowsStandalone target not found
Refreshing native plugins compatible for Editor in 0.29 ms, found 0 plugins.
Preloading 0 native plugins for Editor in 0.00 ms.
Mono: successfully reloaded assembly
- Completed reload, in  1.175 seconds
Platform modules already initialized, skipping
Refreshing native plugins compatible for Editor in 0.31 ms, found 0 plugins.
Preloading 0 native plugins for Editor in 0.00 ms.
Unloading 1113 Unused Serialized files (Serialized files now loaded: 0)
System memory in use before: 60.6 MB.
System memory in use after: 60.7 MB.

Unloading 5 unused Assets to reduce memory usage. Loaded Objects now: 1640.
Total: 2.213200 ms (FindLiveObjects: 0.138800 ms CreateObjectMapping: 0.049500 ms MarkObjects: 1.939700 ms  DeleteObjects: 0.083400 ms)

========================================================================
Received Prepare
Registering precompiled user dll's ...
Registered in 0.000917 seconds.
Begin MonoManager ReloadAssembly
Native extension for WindowsStandalone target not found
Refreshing native plugins compatible for Editor in 0.35 ms, found 0 plugins.
Preloading 0 native plugins for Editor in 0.00 ms.
Mono: successfully reloaded assembly
- Completed reload, in  1.203 seconds
Platform modules already initialized, skipping
Refreshing native plugins compatible for Editor in 0.31 ms, found 0 plugins.
Preloading 0 native plugins for Editor in 0.00 ms.
Unloading 1126 Unused Serialized files (Serialized files now loaded: 0)
System memory in use before: 62.6 MB.
System memory in use after: 62.0 MB.

Unloading 18 unused Assets to reduce memory usage. Loaded Objects now: 1643.
Total: 2.382100 ms (FindLiveObjects: 0.152200 ms CreateObjectMapping: 0.052700 ms MarkObjects: 1.740800 ms  DeleteObjects: 0.434700 ms)

========================================================================
Received Prepare
Registering precompiled user dll's ...
Registered in 0.000940 seconds.
Begin MonoManager ReloadAssembly
Native extension for WindowsStandalone target not found
Refreshing native plugins compatible for Editor in 0.30 ms, found 0 plugins.
Preloading 0 native plugins for Editor in 0.00 ms.
Mono: successfully reloaded assembly
- Completed reload, in  1.146 seconds
Platform modules already initialized, skipping
Refreshing native plugins compatible for Editor in 0.32 ms, found 0 plugins.
Preloading 0 native plugins for Editor in 0.00 ms.
Unloading 1126 Unused Serialized files (Serialized files now loaded: 0)
System memory in use before: 62.6 MB.
System memory in use after: 62.1 MB.

Unloading 18 unused Assets to reduce memory usage. Loaded Objects now: 1646.
Total: 2.393300 ms (FindLiveObjects: 0.193200 ms CreateObjectMapping: 0.074100 ms MarkObjects: 1.672500 ms  DeleteObjects: 0.451500 ms)

========================================================================
Received Import Request.
  Time since last request: 1976.555837 seconds.
  path: Assets/Prefabs/Bad.prefab
  artifactKey: Guid(64ef59030ea7db44cbad9499393bfec9) Importer(815301076,1909f56bfc062723c751e8b465ee728b)
Start importing Assets/Prefabs/Bad.prefab using Guid(64ef59030ea7db44cbad9499393bfec9) Importer(815301076,1909f56bfc062723c751e8b465ee728b)  -> (artifact id: 'aef4fc3855a0b1706efdc0c72fbe251d') in 0.099665 seconds
  Import took 0.102313 seconds .

========================================================================
Received Import Request.
  Time since last request: 3.810022 seconds.
  path: Assets/Prefabs/Good (1).prefab
  artifactKey: Guid(aa03bd3fe85cbf74ab9a4c7f1ff45a57) Importer(815301076,1909f56bfc062723c751e8b465ee728b)
Start importing Assets/Prefabs/Good (1).prefab using Guid(aa03bd3fe85cbf74ab9a4c7f1ff45a57) Importer(815301076,1909f56bfc062723c751e8b465ee728b)  -> (artifact id: '26c2a1dac2648ef4b3d02bf8451c0ad8') in 0.018996 seconds
  Import took 0.021569 seconds .

========================================================================
Received Import Request.
  Time since last request: 3.435214 seconds.
  path: Assets/Prefabs/Good (1).prefab
  artifactKey: Guid(aa03bd3fe85cbf74ab9a4c7f1ff45a57) Importer(815301076,1909f56bfc062723c751e8b465ee728b)
Start importing Assets/Prefabs/Good (1).prefab using Guid(aa03bd3fe85cbf74ab9a4c7f1ff45a57) Importer(815301076,1909f56bfc062723c751e8b465ee728b)  -> (artifact id: '417322700b68e1593388e5af712b3445') in 0.014030 seconds
  Import took 0.016785 seconds .

========================================================================
Received Import Request.
  Time since last request: 0.008236 seconds.
  path: Assets/Prefabs/Good (1).prefab
  artifactKey: Guid(aa03bd3fe85cbf74ab9a4c7f1ff45a57) Importer(815301076,1909f56bfc062723c751e8b465ee728b)
Start importing Assets/Prefabs/Good (1).prefab using Guid(aa03bd3fe85cbf74ab9a4c7f1ff45a57) Importer(815301076,1909f56bfc062723c751e8b465ee728b)  -> (artifact id: '417322700b68e1593388e5af712b3445') in 0.017672 seconds
  Import took 0.020280 seconds .

========================================================================
Received Import Request.
  Time since last request: 0.309530 seconds.
  path: Assets/Prefabs/Good (3).prefab
  artifactKey: Guid(79d572ee8ee6c6542ae2dd921208fd7c) Importer(815301076,1909f56bfc062723c751e8b465ee728b)
Start importing Assets/Prefabs/Good (3).prefab using Guid(79d572ee8ee6c6542ae2dd921208fd7c) Importer(815301076,1909f56bfc062723c751e8b465ee728b)  -> (artifact id: 'aff7cbbd7f9faf6c67695a3f6cae8bc3') in 0.018961 seconds
  Import took 0.021617 seconds .

========================================================================
Received Import Request.
  Time since last request: 0.604852 seconds.
  path: Assets/Prefabs/Good (2).prefab
  artifactKey: Guid(c2de6ee69ad5ff34993c31aa7e163a78) Importer(815301076,1909f56bfc062723c751e8b465ee728b)
Start importing Assets/Prefabs/Good (2).prefab using Guid(c2de6ee69ad5ff34993c31aa7e163a78) Importer(815301076,1909f56bfc062723c751e8b465ee728b)  -> (artifact id: 'ac7932111c97cc6f8ff65d5ced3fb384') in 0.013612 seconds
  Import took 0.016337 seconds .

========================================================================
Received Import Request.
  Time since last request: 0.001984 seconds.
  path: Assets/Prefabs/Good (2).prefab
  artifactKey: Guid(c2de6ee69ad5ff34993c31aa7e163a78) Importer(815301076,1909f56bfc062723c751e8b465ee728b)
Start importing Assets/Prefabs/Good (2).prefab using Guid(c2de6ee69ad5ff34993c31aa7e163a78) Importer(815301076,1909f56bfc062723c751e8b465ee728b)  -> (artifact id: 'ac7932111c97cc6f8ff65d5ced3fb384') in 0.015813 seconds
  Import took 0.018598 seconds .

========================================================================
Received Import Request.
  Time since last request: 0.707500 seconds.
  path: Assets/Prefabs/Good (5).prefab
  artifactKey: Guid(5174f176dee3a1344a3356ab586c4216) Importer(815301076,1909f56bfc062723c751e8b465ee728b)
Start importing Assets/Prefabs/Good (5).prefab using Guid(5174f176dee3a1344a3356ab586c4216) Importer(815301076,1909f56bfc062723c751e8b465ee728b)  -> (artifact id: '0c7c14f593e283451cf864d04f882ff7') in 0.015979 seconds
  Import took 0.018635 seconds .

========================================================================
Received Import Request.
  Time since last request: 0.517050 seconds.
  path: Assets/Prefabs/Good (6).prefab
  artifactKey: Guid(ea9fb9f3502b530498e4105768319f38) Importer(815301076,1909f56bfc062723c751e8b465ee728b)
Start importing Assets/Prefabs/Good (6).prefab using Guid(ea9fb9f3502b530498e4105768319f38) Importer(815301076,1909f56bfc062723c751e8b465ee728b)  -> (artifact id: '0cc4441ec3ede9c006f827be795e23cd') in 0.020803 seconds
  Import took 0.023491 seconds .

========================================================================
Received Prepare
Registering precompiled user dll's ...
Registered in 0.001035 seconds.
Begin MonoManager ReloadAssembly
Native extension for WindowsStandalone target not found
Refreshing native plugins compatible for Editor in 0.30 ms, found 0 plugins.
Preloading 0 native plugins for Editor in 0.00 ms.
Mono: successfully reloaded assembly
- Completed reload, in  1.128 seconds
Platform modules already initialized, skipping
Refreshing native plugins compatible for Editor in 0.31 ms, found 0 plugins.
Preloading 0 native plugins for Editor in 0.00 ms.
Unloading 1126 Unused Serialized files (Serialized files now loaded: 0)
System memory in use before: 62.7 MB.
System memory in use after: 62.1 MB.

Unloading 18 unused Assets to reduce memory usage. Loaded Objects now: 1650.
Total: 2.460100 ms (FindLiveObjects: 0.141600 ms CreateObjectMapping: 0.051200 ms MarkObjects: 1.810700 ms  DeleteObjects: 0.455200 ms)

========================================================================
Received Prepare
Registering precompiled user dll's ...
Registered in 0.000943 seconds.
Begin MonoManager ReloadAssembly
Native extension for WindowsStandalone target not found
Refreshing native plugins compatible for Editor in 0.31 ms, found 0 plugins.
Preloading 0 native plugins for Editor in 0.00 ms.
Mono: successfully reloaded assembly
- Completed reload, in  1.170 seconds
Platform modules already initialized, skipping
Refreshing native plugins compatible for Editor in 0.31 ms, found 0 plugins.
Preloading 0 native plugins for Editor in 0.00 ms.
Unloading 1126 Unused Serialized files (Serialized files now loaded: 0)
System memory in use before: 62.7 MB.
System memory in use after: 62.1 MB.

Unloading 18 unused Assets to reduce memory usage. Loaded Objects now: 1653.
Total: 2.398600 ms (FindLiveObjects: 0.146500 ms CreateObjectMapping: 0.052200 ms MarkObjects: 1.752300 ms  DeleteObjects: 0.446000 ms)

========================================================================
Received Prepare
Registering precompiled user dll's ...
Registered in 0.001356 seconds.
Begin MonoManager ReloadAssembly
Native extension for WindowsStandalone target not found
Refreshing native plugins compatible for Editor in 0.31 ms, found 0 plugins.
Preloading 0 native plugins for Editor in 0.00 ms.
Mono: successfully reloaded assembly
- Completed reload, in  1.274 seconds
Platform modules already initialized, skipping
Refreshing native plugins compatible for Editor in 0.34 ms, found 0 plugins.
Preloading 0 native plugins for Editor in 0.00 ms.
Unloading 1126 Unused Serialized files (Serialized files now loaded: 0)
System memory in use before: 62.7 MB.
System memory in use after: 62.1 MB.

Unloading 18 unused Assets to reduce memory usage. Loaded Objects now: 1656.
Total: 2.929100 ms (FindLiveObjects: 0.159500 ms CreateObjectMapping: 0.053000 ms MarkObjects: 2.259800 ms  DeleteObjects: 0.454500 ms)

========================================================================
Received Prepare
Registering precompiled user dll's ...
Registered in 0.000914 seconds.
Begin MonoManager ReloadAssembly
Native extension for WindowsStandalone target not found
Refreshing native plugins compatible for Editor in 0.62 ms, found 0 plugins.
Preloading 0 native plugins for Editor in 0.00 ms.
Mono: successfully reloaded assembly
- Completed reload, in  1.189 seconds
Platform modules already initialized, skipping
Refreshing native plugins compatible for Editor in 0.30 ms, found 0 plugins.
Preloading 0 native plugins for Editor in 0.00 ms.
Unloading 1126 Unused Serialized files (Serialized files now loaded: 0)
System memory in use before: 62.7 MB.
System memory in use after: 62.1 MB.

Unloading 18 unused Assets to reduce memory usage. Loaded Objects now: 1659.
Total: 2.592700 ms (FindLiveObjects: 0.276400 ms CreateObjectMapping: 0.053600 ms MarkObjects: 1.780100 ms  DeleteObjects: 0.480800 ms)

========================================================================
Received Prepare
Registering precompiled user dll's ...
Registered in 0.000910 seconds.
Begin MonoManager ReloadAssembly
Native extension for WindowsStandalone target not found
Refreshing native plugins compatible for Editor in 0.30 ms, found 0 plugins.
Preloading 0 native plugins for Editor in 0.00 ms.
Mono: successfully reloaded assembly
- Completed reload, in  1.158 seconds
Platform modules already initialized, skipping
Refreshing native plugins compatible for Editor in 0.33 ms, found 0 plugins.
Preloading 0 native plugins for Editor in 0.00 ms.
Unloading 1126 Unused Serialized files (Serialized files now loaded: 0)
System memory in use before: 62.7 MB.
System memory in use after: 62.1 MB.

Unloading 18 unused Assets to reduce memory usage. Loaded Objects now: 1662.
Total: 2.724600 ms (FindLiveObjects: 0.154800 ms CreateObjectMapping: 0.052300 ms MarkObjects: 2.066300 ms  DeleteObjects: 0.449200 ms)

========================================================================
Received Prepare
Registering precompiled user dll's ...
Registered in 0.001033 seconds.
Begin MonoManager ReloadAssembly
Native extension for WindowsStandalone target not found
Refreshing native plugins compatible for Editor in 0.30 ms, found 0 plugins.
Preloading 0 native plugins for Editor in 0.00 ms.
Mono: successfully reloaded assembly
- Completed reload, in  1.345 seconds
Platform modules already initialized, skipping
Refreshing native plugins compatible for Editor in 0.31 ms, found 0 plugins.
Preloading 0 native plugins for Editor in 0.00 ms.
Unloading 1126 Unused Serialized files (Serialized files now loaded: 0)
System memory in use before: 62.7 MB.
System memory in use after: 62.1 MB.

Unloading 18 unused Assets to reduce memory usage. Loaded Objects now: 1665.
Total: 2.398100 ms (FindLiveObjects: 0.144000 ms CreateObjectMapping: 0.051200 ms MarkObjects: 1.754500 ms  DeleteObjects: 0.446600 ms)

========================================================================
Received Import Request.
  Time since last request: 1924.930177 seconds.
  path: Assets/Prefabs/Good (1).prefab
  artifactKey: Guid(aa03bd3fe85cbf74ab9a4c7f1ff45a57) Importer(815301076,1909f56bfc062723c751e8b465ee728b)
Start importing Assets/Prefabs/Good (1).prefab using Guid(aa03bd3fe85cbf74ab9a4c7f1ff45a57) Importer(815301076,1909f56bfc062723c751e8b465ee728b)  -> (artifact id: 'ce7c7a60b95da00796e24f939924f26e') in 0.086924 seconds
  Import took 0.089663 seconds .

========================================================================
Received Import Request.
  Time since last request: 0.008994 seconds.
  path: Assets/Prefabs/Good (1).prefab
  artifactKey: Guid(aa03bd3fe85cbf74ab9a4c7f1ff45a57) Importer(815301076,1909f56bfc062723c751e8b465ee728b)
Start importing Assets/Prefabs/Good (1).prefab using Guid(aa03bd3fe85cbf74ab9a4c7f1ff45a57) Importer(815301076,1909f56bfc062723c751e8b465ee728b)  -> (artifact id: 'ce7c7a60b95da00796e24f939924f26e') in 0.015285 seconds
  Import took 0.017823 seconds .

========================================================================
Received Import Request.
  Time since last request: 0.257703 seconds.
  path: Assets/Prefabs/Bad.prefab
  artifactKey: Guid(64ef59030ea7db44cbad9499393bfec9) Importer(815301076,1909f56bfc062723c751e8b465ee728b)
Start importing Assets/Prefabs/Bad.prefab using Guid(64ef59030ea7db44cbad9499393bfec9) Importer(815301076,1909f56bfc062723c751e8b465ee728b)  -> (artifact id: '4666e1e7e048bde93aac000906784b48') in 0.016397 seconds
  Import took 0.019011 seconds .

========================================================================
Received Import Request.
  Time since last request: 11.499276 seconds.
  path: Assets/Prefabs/Bad.prefab
  artifactKey: Guid(64ef59030ea7db44cbad9499393bfec9) Importer(815301076,1909f56bfc062723c751e8b465ee728b)
Start importing Assets/Prefabs/Bad.prefab using Guid(64ef59030ea7db44cbad9499393bfec9) Importer(815301076,1909f56bfc062723c751e8b465ee728b)  -> (artifact id: '3b3b7d5da796667dc79b53a246a4b98b') in 0.021462 seconds
  Import took 0.024242 seconds .

========================================================================
Received Import Request.
  Time since last request: 2.382403 seconds.
  path: Assets/Course Library/Particles/Explosion_Black.prefab
  artifactKey: Guid(c7ad2532a6eeb40b59033c75e71fa054) Importer(815301076,1909f56bfc062723c751e8b465ee728b)
Start importing Assets/Course Library/Particles/Explosion_Black.prefab using Guid(c7ad2532a6eeb40b59033c75e71fa054) Importer(815301076,1909f56bfc062723c751e8b465ee728b)  -> (artifact id: 'fbd4610d4c14782ef731deea2eb210b3') in 0.012724 seconds
  Import took 0.015460 seconds .

========================================================================
Received Import Request.
  Time since last request: 0.082979 seconds.
  path: Assets/Course Library/Particles/Explosion_Black.prefab
  artifactKey: Guid(c7ad2532a6eeb40b59033c75e71fa054) Importer(815301076,1909f56bfc062723c751e8b465ee728b)
Start importing Assets/Course Library/Particles/Explosion_Black.prefab using Guid(c7ad2532a6eeb40b59033c75e71fa054) Importer(815301076,1909f56bfc062723c751e8b465ee728b)  -> (artifact id: 'fbd4610d4c14782ef731deea2eb210b3') in 0.006596 seconds
  Import took 0.009418 seconds .

========================================================================
Received Prepare
Registering precompiled user dll's ...
Registered in 0.001152 seconds.
Begin MonoManager ReloadAssembly
Native extension for WindowsStandalone target not found
Refreshing native plugins compatible for Editor in 0.31 ms, found 0 plugins.
Preloading 0 native plugins for Editor in 0.00 ms.
Mono: successfully reloaded assembly
- Completed reload, in  1.367 seconds
Platform modules already initialized, skipping
Refreshing native plugins compatible for Editor in 0.32 ms, found 0 plugins.
Preloading 0 native plugins for Editor in 0.00 ms.
Unloading 1126 Unused Serialized files (Serialized files now loaded: 0)
System memory in use before: 62.7 MB.
System memory in use after: 62.1 MB.

Unloading 18 unused Assets to reduce memory usage. Loaded Objects now: 1670.
Total: 3.106500 ms (FindLiveObjects: 0.207200 ms CreateObjectMapping: 0.070200 ms MarkObjects: 1.851600 ms  DeleteObjects: 0.975500 ms)

========================================================================
Received Prepare
Registering precompiled user dll's ...
Registered in 0.000882 seconds.
Begin MonoManager ReloadAssembly
Native extension for WindowsStandalone target not found
Refreshing native plugins compatible for Editor in 0.32 ms, found 0 plugins.
Preloading 0 native plugins for Editor in 0.00 ms.
Mono: successfully reloaded assembly
- Completed reload, in  1.133 seconds
Platform modules already initialized, skipping
Refreshing native plugins compatible for Editor in 0.42 ms, found 0 plugins.
Preloading 0 native plugins for Editor in 0.00 ms.
Unloading 1126 Unused Serialized files (Serialized files now loaded: 0)
System memory in use before: 62.7 MB.
System memory in use after: 62.1 MB.

Unloading 18 unused Assets to reduce memory usage. Loaded Objects now: 1673.
Total: 2.471800 ms (FindLiveObjects: 0.165100 ms CreateObjectMapping: 0.052700 ms MarkObjects: 1.771000 ms  DeleteObjects: 0.481100 ms)

AssetImportWorkerClient::OnTransportError - code=2 error=End of file
